<?xml version="1.0" encoding="UTF-8"?>
<!-- Generated by org.testng.reporters.JUnitXMLReporter -->
<testsuite hostname="LM-BWI-00871652" name="Default test" tests="2" failures="0" timestamp="10 Jun 2016 22:55:34 GMT" time="0.059" errors="0">
  <testcase name="testSendMail" time="0.035" classname="main.test.com.internationalstudentspace.dao.SendMailDaoTest"/>
  <testcase name="testSendMail2" time="0.001" classname="main.test.com.internationalstudentspace.dao.SendMailDaoTest"/>
</testsuite> <!-- Default test -->
