<?xml version="1.0" encoding="UTF-8"?>
<testng-results skipped="0" failed="0" total="2" passed="2">
  <reporter-output>
  </reporter-output>
  <suite name="Default suite" duration-ms="59" started-at="2016-06-10T22:55:33Z" finished-at="2016-06-10T22:55:33Z">
    <groups>
    </groups>
    <test name="Default test" duration-ms="59" started-at="2016-06-10T22:55:33Z" finished-at="2016-06-10T22:55:33Z">
      <class name="main.test.com.internationalstudentspace.dao.SendMailDaoTest">
        <test-method status="PASS" signature="testSendMail()[pri:0, instance:main.test.com.internationalstudentspace.dao.SendMailDaoTest@71248c21]" name="testSendMail" duration-ms="35" started-at="2016-06-10T18:55:33Z" finished-at="2016-06-10T18:55:33Z">
          <reporter-output>
          </reporter-output>
        </test-method> <!-- testSendMail -->
        <test-method status="PASS" signature="testSendMail2()[pri:0, instance:main.test.com.internationalstudentspace.dao.SendMailDaoTest@71248c21]" name="testSendMail2" duration-ms="1" started-at="2016-06-10T18:55:33Z" finished-at="2016-06-10T18:55:33Z">
          <reporter-output>
          </reporter-output>
        </test-method> <!-- testSendMail2 -->
      </class> <!-- main.test.com.internationalstudentspace.dao.SendMailDaoTest -->
    </test> <!-- Default test -->
  </suite> <!-- Default suite -->
</testng-results>
