<?xml version="1.0" encoding="UTF-8"?>
<testng-results skipped="0" failed="0" total="1" passed="1">
  <reporter-output>
  </reporter-output>
  <suite name="Default suite" duration-ms="2084" started-at="2016-05-23T03:53:18Z" finished-at="2016-05-23T03:53:20Z">
    <groups>
    </groups>
    <test name="Default test" duration-ms="2084" started-at="2016-05-23T03:53:18Z" finished-at="2016-05-23T03:53:20Z">
      <class name="main.test.com.internationalstudentspace.dao.SendMailDaoTest">
        <test-method status="PASS" signature="testSendMail()[pri:0, instance:main.test.com.internationalstudentspace.dao.SendMailDaoTest@34340fab]" name="testSendMail" duration-ms="2068" started-at="2016-05-22T23:53:18Z" finished-at="2016-05-22T23:53:20Z">
          <reporter-output>
          </reporter-output>
        </test-method> <!-- testSendMail -->
      </class> <!-- main.test.com.internationalstudentspace.dao.SendMailDaoTest -->
    </test> <!-- Default test -->
  </suite> <!-- Default suite -->
</testng-results>
